<?xml version="1.0" encoding="UTF-8"?>
<testng-results skipped="0" failed="0" total="1" passed="1">
  <reporter-output>
  </reporter-output>
  <suite name="Default suite" duration-ms="46111" started-at="2019-01-02T05:43:43Z" finished-at="2019-01-02T05:44:29Z">
    <groups>
    </groups>
    <test name="Default test" duration-ms="46111" started-at="2019-01-02T05:43:43Z" finished-at="2019-01-02T05:44:29Z">
      <class name="allSeleniumPractise.ScrollDownTest">
        <test-method status="PASS" signature="scrollDown()[pri:0, instance:allSeleniumPractise.ScrollDownTest@5034c75a]" name="scrollDown" duration-ms="46086" started-at="2019-01-02T11:13:43Z" finished-at="2019-01-02T11:14:29Z">
          <reporter-output>
          </reporter-output>
        </test-method> <!-- scrollDown -->
      </class> <!-- allSeleniumPractise.ScrollDownTest -->
    </test> <!-- Default test -->
  </suite> <!-- Default suite -->
</testng-results>
